0 info it worked if it ends with ok
1 verbose cli [ 'node', '/usr/local/bin/npm', 'install', '-g', 'http-server' ]
2 info using npm@2.5.1
3 info using node@v0.12.0
4 silly cache add args [ 'http-server', null ]
5 verbose cache add spec http-server
6 silly cache add parsed spec { raw: 'http-server',
6 silly cache add   scope: null,
6 silly cache add   name: 'http-server',
6 silly cache add   rawSpec: '',
6 silly cache add   spec: '*',
6 silly cache add   type: 'range' }
7 verbose addNamed http-server@*
8 silly addNamed semver.valid null
9 silly addNamed semver.validRange *
10 silly addNameRange { name: 'http-server', range: '*', hasData: false }
11 silly mapToRegistry name http-server
12 silly mapToRegistry using default registry
13 silly mapToRegistry registry https://registry.npmjs.org/
14 silly mapToRegistry uri https://registry.npmjs.org/http-server
15 verbose addNameRange registry:https://registry.npmjs.org/http-server not in flight; fetching
16 verbose request uri https://registry.npmjs.org/http-server
17 verbose request no auth needed
18 info attempt registry request try #1 at 11:41:26 AM
19 verbose request id 40b0dcd4a6861c8e
20 http request GET https://registry.npmjs.org/http-server
21 http 200 https://registry.npmjs.org/http-server
22 silly get cb [ 200,
22 silly get   { date: 'Fri, 06 Mar 2015 14:41:29 GMT',
22 silly get     server: 'CouchDB/1.5.0 (Erlang OTP/R16B03)',
22 silly get     etag: '"F0DN39T1DZVH9POUFF8KSXBXC"',
22 silly get     'content-type': 'application/json',
22 silly get     'cache-control': 'max-age=60',
22 silly get     'content-length': '42424',
22 silly get     'accept-ranges': 'bytes',
22 silly get     via: '1.1 varnish',
22 silly get     age: '11',
22 silly get     'x-served-by': 'cache-atl6230-ATL',
22 silly get     'x-cache': 'HIT',
22 silly get     'x-cache-hits': '1',
22 silly get     'x-timer': 'S1425652889.774516,VS0,VE1',
22 silly get     vary: 'Accept',
22 silly get     'keep-alive': 'timeout=10, max=50',
22 silly get     connection: 'Keep-Alive' } ]
23 verbose get saving http-server to /Users/Diego/.npm/registry.npmjs.org/http-server/.cache.json
24 verbose getCacheStat cache creation not in flight; initializing
25 silly addNameRange number 2 { name: 'http-server', range: '*', hasData: true }
26 silly addNameRange versions [ 'http-server',
26 silly addNameRange   [ '0.1.0',
26 silly addNameRange     '0.1.1',
26 silly addNameRange     '0.1.3',
26 silly addNameRange     '0.2.1',
26 silly addNameRange     '0.2.2',
26 silly addNameRange     '0.2.3',
26 silly addNameRange     '0.2.4',
26 silly addNameRange     '0.2.5',
26 silly addNameRange     '0.2.6',
26 silly addNameRange     '0.2.9',
26 silly addNameRange     '0.3.0',
26 silly addNameRange     '0.4.0',
26 silly addNameRange     '0.4.1',
26 silly addNameRange     '0.5.0',
26 silly addNameRange     '0.5.1',
26 silly addNameRange     '0.5.2',
26 silly addNameRange     '0.5.3',
26 silly addNameRange     '0.5.5',
26 silly addNameRange     '0.6.0',
26 silly addNameRange     '0.6.1',
26 silly addNameRange     '0.7.0',
26 silly addNameRange     '0.7.1',
26 silly addNameRange     '0.7.2',
26 silly addNameRange     '0.7.3',
26 silly addNameRange     '0.7.4',
26 silly addNameRange     '0.7.5' ] ]
27 verbose addNamed http-server@0.7.5
28 silly addNamed semver.valid 0.7.5
29 silly addNamed semver.validRange 0.7.5
30 silly mapToRegistry name http-server
31 silly mapToRegistry using default registry
32 silly mapToRegistry registry https://registry.npmjs.org/
33 silly mapToRegistry uri https://registry.npmjs.org/http-server
34 verbose addRemoteTarball https://registry.npmjs.org/http-server/-/http-server-0.7.5.tgz not in flight; adding
35 verbose addRemoteTarball [ 'https://registry.npmjs.org/http-server/-/http-server-0.7.5.tgz',
35 verbose addRemoteTarball   'b18bd1d838e78c30be8cf382e9342ebdd17a9fc3' ]
36 info retry fetch attempt 1 at 11:41:28 AM
37 info attempt registry request try #1 at 11:41:28 AM
38 http fetch GET https://registry.npmjs.org/http-server/-/http-server-0.7.5.tgz
39 http fetch 200 https://registry.npmjs.org/http-server/-/http-server-0.7.5.tgz
40 silly fetchAndShaCheck shasum b18bd1d838e78c30be8cf382e9342ebdd17a9fc3
41 verbose addTmpTarball /var/folders/ln/btdrkykx6qldv3nsb3x0wmgw0000gn/T/npm-3390-5a4e97b2/registry.npmjs.org/http-server/-/http-server-0.7.5.tgz not in flight; adding
42 verbose addTmpTarball already have metadata; skipping unpack for http-server@0.7.5
43 silly cache afterAdd http-server@0.7.5
44 verbose afterAdd /Users/Diego/.npm/http-server/0.7.5/package/package.json not in flight; writing
45 verbose afterAdd /Users/Diego/.npm/http-server/0.7.5/package/package.json written
46 silly install resolved [ { name: 'http-server',
46 silly install resolved     version: '0.7.5',
46 silly install resolved     description: 'a simple zero-configuration command-line http server',
46 silly install resolved     main: './lib/http-server',
46 silly install resolved     repository:
46 silly install resolved      { type: 'git',
46 silly install resolved        url: 'git://github.com/nodeapps/http-server.git' },
46 silly install resolved     keywords: [ 'cli', 'command' ],
46 silly install resolved     scripts:
46 silly install resolved      { start: 'node ./bin/http-server',
46 silly install resolved        pretest: 'stylezero bin/ lib/ test',
46 silly install resolved        test: 'vows --spec --isolate' },
46 silly install resolved     contributors:
46 silly install resolved      [ [Object],
46 silly install resolved        [Object],
46 silly install resolved        [Object],
46 silly install resolved        [Object],
46 silly install resolved        [Object],
46 silly install resolved        [Object],
46 silly install resolved        [Object],
46 silly install resolved        [Object],
46 silly install resolved        [Object],
46 silly install resolved        [Object] ],
46 silly install resolved     dependencies:
46 silly install resolved      { colors: '1.0.3',
46 silly install resolved        optimist: '0.6.x',
46 silly install resolved        union: '~0.4.3',
46 silly install resolved        ecstatic: '~0.6.0',
46 silly install resolved        portfinder: '0.2.x',
46 silly install resolved        opener: '~1.4.0' },
46 silly install resolved     devDependencies: { vows: '0.7.x', request: '2.49.x', stylezero: '2.1.1' },
46 silly install resolved     bugs: { url: 'https://github.com/nodeapps/http-server/issues' },
46 silly install resolved     licenses: [ [Object] ],
46 silly install resolved     analyze: false,
46 silly install resolved     preferGlobal: 'true',
46 silly install resolved     bin: { 'http-server': './bin/http-server', hs: './bin/http-server' },
46 silly install resolved     gitHead: '120daa2b1bbca84bf1474bd757e147d95fdab3ed',
46 silly install resolved     homepage: 'https://github.com/nodeapps/http-server',
46 silly install resolved     _id: 'http-server@0.7.5',
46 silly install resolved     _shasum: 'b18bd1d838e78c30be8cf382e9342ebdd17a9fc3',
46 silly install resolved     _from: 'http-server@*',
46 silly install resolved     _npmVersion: '2.2.0',
46 silly install resolved     _nodeVersion: '0.10.33',
46 silly install resolved     _npmUser: { name: 'indexzero', email: 'charlie.robbins@gmail.com' },
46 silly install resolved     maintainers: [ [Object] ],
46 silly install resolved     dist:
46 silly install resolved      { shasum: 'b18bd1d838e78c30be8cf382e9342ebdd17a9fc3',
46 silly install resolved        tarball: 'http://registry.npmjs.org/http-server/-/http-server-0.7.5.tgz' },
46 silly install resolved     directories: {},
46 silly install resolved     _resolved: 'https://registry.npmjs.org/http-server/-/http-server-0.7.5.tgz' } ]
47 info install http-server@0.7.5 into /usr/local/lib
48 info installOne http-server@0.7.5
49 verbose installOne of http-server to /usr/local/lib not in flight; installing
50 verbose lock using /Users/Diego/.npm/_locks/http-server-ae30c9ae1f4c5eaa.lock for /usr/local/lib/node_modules/http-server
51 silly install write writing http-server 0.7.5 to /usr/local/lib/node_modules/http-server
52 silly cache addNamed cb http-server@0.7.5
53 verbose unbuild lib/node_modules/http-server
54 verbose gentlyRm vacuuming /usr/local/lib/node_modules/http-server
55 verbose tar unpack /Users/Diego/.npm/http-server/0.7.5/package.tgz
56 verbose tar unpacking to /usr/local/lib/node_modules/http-server
57 verbose gentlyRm vacuuming /usr/local/lib/node_modules/http-server
58 silly gunzTarPerm modes [ '755', '644' ]
59 error tar.unpack untar error /Users/Diego/.npm/http-server/0.7.5/package.tgz
60 verbose unlock done using /Users/Diego/.npm/_locks/http-server-ae30c9ae1f4c5eaa.lock for /usr/local/lib/node_modules/http-server
61 verbose fstream_path /usr/local/lib/node_modules/http-server
62 verbose fstream_type Directory
63 verbose fstream_class DirWriter
64 verbose stack Error: EACCES, mkdir '/usr/local/lib/node_modules/http-server'
64 verbose stack     at Error (native)
65 verbose fstream_stack /usr/local/lib/node_modules/npm/node_modules/fstream/lib/dir-writer.js:36:23
65 verbose fstream_stack /usr/local/lib/node_modules/npm/node_modules/mkdirp/index.js:46:53
65 verbose fstream_stack FSReqWrap.oncomplete (fs.js:99:15)
66 verbose cwd /Users/Diego/Documents/html5bootcamp
67 error Darwin 13.1.0
68 error argv "node" "/usr/local/bin/npm" "install" "-g" "http-server"
69 error node v0.12.0
70 error npm  v2.5.1
71 error path /usr/local/lib/node_modules/http-server
72 error code EACCES
73 error errno -13
74 error Error: EACCES, mkdir '/usr/local/lib/node_modules/http-server'
74 error     at Error (native)
74 error  { [Error: EACCES, mkdir '/usr/local/lib/node_modules/http-server']
74 error   errno: -13,
74 error   code: 'EACCES',
74 error   path: '/usr/local/lib/node_modules/http-server',
74 error   fstream_type: 'Directory',
74 error   fstream_path: '/usr/local/lib/node_modules/http-server',
74 error   fstream_class: 'DirWriter',
74 error   fstream_stack:
74 error    [ '/usr/local/lib/node_modules/npm/node_modules/fstream/lib/dir-writer.js:36:23',
74 error      '/usr/local/lib/node_modules/npm/node_modules/mkdirp/index.js:46:53',
74 error      'FSReqWrap.oncomplete (fs.js:99:15)' ] }
75 error Please try running this command again as root/Administrator.
76 verbose exit [ -13, true ]
77 verbose unbuild lib/node_modules/http-server
78 verbose gentlyRm vacuuming /usr/local/lib/node_modules/http-server
